# JRE version: Java(TM) SE Runtime Environment (17.0.9+11) (build 17.0.9+11-LTS-201)
# Java VM: Java HotSpot(TM) 64-Bit Server VM (17.0.9+11-LTS-201, mixed mode, sharing, tiered, compressed oops, compressed class ptrs, g1 gc, windows-amd64)
GC Precious Log:
 CPUs: 12 total, 12 available
 Memory: 14188M
 Large Page Support: Disabled
 NUMA Support: Disabled
 Compressed Oops: Enabled (Zero based)
 Heap Region Size: 2M
 Heap Min Capacity: 8M
 Heap Initial Capacity: 222M
 Heap Max Capacity: 3548M
 Pre-touch: Disabled
 Parallel Workers: 10
 Concurrent Workers: 3
 Concurrent Refinement Workers: 10
 Periodic GC: Disabled
Heap:
 garbage-first heap   total 219136K, used 113839K [0x0000000722400000, 0x0000000800000000)
  region size 2048K, 27 young (55296K), 8 survivors (16384K)
 Metaspace       used 97373K, committed 98112K, reserved 1179648K
  class space    used 13008K, committed 13376K, reserved 1048576K
GC Heap History (20 events):
Event: 20.879 GC heap before
{Heap before GC invocations=22 (full 0):
 garbage-first heap   total 151552K, used 123746K [0x0000000722400000, 0x0000000800000000)
  region size 2048K, 37 young (75776K), 2 survivors (4096K)
 Metaspace       used 82944K, committed 83520K, reserved 1179648K
  class space    used 11395K, committed 11648K, reserved 1048576K
}
Event: 20.884 GC heap after
{Heap after GC invocations=23 (full 0):
 garbage-first heap   total 151552K, used 53995K [0x0000000722400000, 0x0000000800000000)
  region size 2048K, 3 young (6144K), 3 survivors (6144K)
 Metaspace       used 82944K, committed 83520K, reserved 1179648K
  class space    used 11395K, committed 11648K, reserved 1048576K
}
Event: 21.269 GC heap before
{Heap before GC invocations=23 (full 0):
 garbage-first heap   total 151552K, used 123627K [0x0000000722400000, 0x0000000800000000)
  region size 2048K, 37 young (75776K), 3 survivors (6144K)
 Metaspace       used 83379K, committed 83968K, reserved 1179648K
  class space    used 11422K, committed 11712K, reserved 1048576K
}
Event: 21.274 GC heap after
{Heap after GC invocations=24 (full 0):
 garbage-first heap   total 151552K, used 55737K [0x0000000722400000, 0x0000000800000000)
  region size 2048K, 4 young (8192K), 4 survivors (8192K)
 Metaspace       used 83379K, committed 83968K, reserved 1179648K
  class space    used 11422K, committed 11712K, reserved 1048576K
}
Event: 21.509 GC heap before
{Heap before GC invocations=24 (full 0):
 garbage-first heap   total 151552K, used 123321K [0x0000000722400000, 0x0000000800000000)
  region size 2048K, 37 young (75776K), 4 survivors (8192K)
 Metaspace       used 83520K, committed 84096K, reserved 1179648K
  class space    used 11433K, committed 11712K, reserved 1048576K
}
Event: 21.517 GC heap after
{Heap after GC invocations=25 (full 0):
 garbage-first heap   total 151552K, used 58507K [0x0000000722400000, 0x0000000800000000)
  region size 2048K, 4 young (8192K), 4 survivors (8192K)
 Metaspace       used 83520K, committed 84096K, reserved 1179648K
  class space    used 11433K, committed 11712K, reserved 1048576K
}
Event: 21.774 GC heap before
{Heap before GC invocations=25 (full 0):
 garbage-first heap   total 151552K, used 121995K [0x0000000722400000, 0x0000000800000000)
  region size 2048K, 35 young (71680K), 4 survivors (8192K)
 Metaspace       used 83832K, committed 84416K, reserved 1179648K
  class space    used 11525K, committed 11776K, reserved 1048576K
}
Event: 21.780 GC heap after
{Heap after GC invocations=26 (full 0):
 garbage-first heap   total 182272K, used 59515K [0x0000000722400000, 0x0000000800000000)
  region size 2048K, 3 young (6144K), 3 survivors (6144K)
 Metaspace       used 83832K, committed 84416K, reserved 1179648K
  class space    used 11525K, committed 11776K, reserved 1048576K
}
Event: 22.104 GC heap before
{Heap before GC invocations=26 (full 0):
 garbage-first heap   total 182272K, used 151675K [0x0000000722400000, 0x0000000800000000)
  region size 2048K, 48 young (98304K), 3 survivors (6144K)
 Metaspace       used 83956K, committed 84544K, reserved 1179648K
  class space    used 11525K, committed 11776K, reserved 1048576K
}
Event: 22.111 GC heap after
{Heap after GC invocations=27 (full 0):
 garbage-first heap   total 182272K, used 61573K [0x0000000722400000, 0x0000000800000000)
  region size 2048K, 4 young (8192K), 4 survivors (8192K)
 Metaspace       used 83956K, committed 84544K, reserved 1179648K
  class space    used 11525K, committed 11776K, reserved 1048576K
}
Event: 22.600 GC heap before
{Heap before GC invocations=27 (full 0):
 garbage-first heap   total 182272K, used 151685K [0x0000000722400000, 0x0000000800000000)
  region size 2048K, 48 young (98304K), 4 survivors (8192K)
 Metaspace       used 84725K, committed 85312K, reserved 1179648K
  class space    used 11579K, committed 11840K, reserved 1048576K
}
Event: 22.607 GC heap after
{Heap after GC invocations=28 (full 0):
 garbage-first heap   total 182272K, used 63817K [0x0000000722400000, 0x0000000800000000)
  region size 2048K, 5 young (10240K), 5 survivors (10240K)
 Metaspace       used 84725K, committed 85312K, reserved 1179648K
  class space    used 11579K, committed 11840K, reserved 1048576K
}
Event: 23.048 GC heap before
{Heap before GC invocations=28 (full 0):
 garbage-first heap   total 182272K, used 149833K [0x0000000722400000, 0x0000000800000000)
  region size 2048K, 47 young (96256K), 5 survivors (10240K)
 Metaspace       used 85707K, committed 86336K, reserved 1179648K
  class space    used 11650K, committed 11904K, reserved 1048576K
}
Event: 23.056 GC heap after
{Heap after GC invocations=29 (full 0):
 garbage-first heap   total 182272K, used 65997K [0x0000000722400000, 0x0000000800000000)
  region size 2048K, 4 young (8192K), 4 survivors (8192K)
 Metaspace       used 85707K, committed 86336K, reserved 1179648K
  class space    used 11650K, committed 11904K, reserved 1048576K
}
Event: 23.494 GC heap before
{Heap before GC invocations=29 (full 0):
 garbage-first heap   total 182272K, used 152013K [0x0000000722400000, 0x0000000800000000)
  region size 2048K, 46 young (94208K), 4 survivors (8192K)
 Metaspace       used 86593K, committed 87232K, reserved 1179648K
  class space    used 11699K, committed 11968K, reserved 1048576K
}
Event: 23.502 GC heap after
{Heap after GC invocations=30 (full 0):
 garbage-first heap   total 219136K, used 68455K [0x0000000722400000, 0x0000000800000000)
  region size 2048K, 4 young (8192K), 4 survivors (8192K)
 Metaspace       used 86593K, committed 87232K, reserved 1179648K
  class space    used 11699K, committed 11968K, reserved 1048576K
}
Event: 24.316 GC heap before
{Heap before GC invocations=30 (full 0):
 garbage-first heap   total 219136K, used 181095K [0x0000000722400000, 0x0000000800000000)
  region size 2048K, 59 young (120832K), 4 survivors (8192K)
 Metaspace       used 88750K, committed 89344K, reserved 1179648K
  class space    used 11875K, committed 12160K, reserved 1048576K
}
Event: 24.324 GC heap after
{Heap after GC invocations=31 (full 0):
 garbage-first heap   total 219136K, used 72350K [0x0000000722400000, 0x0000000800000000)
  region size 2048K, 6 young (12288K), 6 survivors (12288K)
 Metaspace       used 88750K, committed 89344K, reserved 1179648K
  class space    used 11875K, committed 12160K, reserved 1048576K
}
Event: 26.092 GC heap before
{Heap before GC invocations=31 (full 0):
 garbage-first heap   total 219136K, used 180894K [0x0000000722400000, 0x0000000800000000)
  region size 2048K, 59 young (120832K), 6 survivors (12288K)
 Metaspace       used 93943K, committed 94656K, reserved 1179648K
  class space    used 12516K, committed 12864K, reserved 1048576K
}
Event: 26.105 GC heap after
{Heap after GC invocations=32 (full 0):
 garbage-first heap   total 219136K, used 79023K [0x0000000722400000, 0x0000000800000000)
  region size 2048K, 8 young (16384K), 8 survivors (16384K)
 Metaspace       used 93943K, committed 94656K, reserved 1179648K
  class space    used 12516K, committed 12864K, reserved 1048576K
}

